Fold 0
Fold 0
Model 0 best validation rmse = 0.466645 on epoch 6
Model 0 provided with no test set, no metric evaluation will be performed.
Ensemble test rmse = nan
Fold 1
Model 0 best validation rmse = 0.567843 on epoch 23
Model 0 provided with no test set, no metric evaluation will be performed.
Ensemble test rmse = nan
Fold 2
Model 0 best validation rmse = 0.775482 on epoch 22
Model 0 provided with no test set, no metric evaluation will be performed.
Ensemble test rmse = nan
Fold 3
Model 0 best validation rmse = 0.395096 on epoch 15
Model 0 provided with no test set, no metric evaluation will be performed.
Ensemble test rmse = nan
Fold 4
Model 0 best validation rmse = 0.919595 on epoch 12
Model 0 provided with no test set, no metric evaluation will be performed.
Ensemble test rmse = nan
Fold 5
Model 0 best validation rmse = 0.674753 on epoch 17
Model 0 provided with no test set, no metric evaluation will be performed.
Ensemble test rmse = nan
Fold 6
Model 0 best validation rmse = 0.320258 on epoch 27
Model 0 provided with no test set, no metric evaluation will be performed.
Ensemble test rmse = nan
Fold 7
Model 0 best validation rmse = 0.555846 on epoch 25
Model 0 provided with no test set, no metric evaluation will be performed.
Ensemble test rmse = nan
Fold 8
Model 0 best validation rmse = 0.382919 on epoch 20
Model 0 provided with no test set, no metric evaluation will be performed.
Ensemble test rmse = nan
Fold 9
Model 0 best validation rmse = 0.417776 on epoch 13
Model 0 provided with no test set, no metric evaluation will be performed.
Ensemble test rmse = nan
10-fold cross validation
	Seed 0 ==> test rmse = nan
	Seed 1 ==> test rmse = nan
	Seed 2 ==> test rmse = nan
	Seed 3 ==> test rmse = nan
	Seed 4 ==> test rmse = nan
	Seed 5 ==> test rmse = nan
	Seed 6 ==> test rmse = nan
	Seed 7 ==> test rmse = nan
	Seed 8 ==> test rmse = nan
	Seed 9 ==> test rmse = nan
Overall test rmse = nan +/- nan
Elapsed time = 9:33:09
