Fold 0
Model 0 best validation rmse = 0.710073 on epoch 26
Model 0 provided with no test set, no metric evaluation will be performed.
Ensemble test rmse = nan
Fold 1
Model 0 best validation rmse = 0.688835 on epoch 27
Model 0 provided with no test set, no metric evaluation will be performed.
Ensemble test rmse = nan
Fold 2
Model 0 best validation rmse = 0.322072 on epoch 22
Model 0 provided with no test set, no metric evaluation will be performed.
Ensemble test rmse = nan
Fold 3
Model 0 best validation rmse = 0.546552 on epoch 20
Model 0 provided with no test set, no metric evaluation will be performed.
Ensemble test rmse = nan
Fold 4
Model 0 best validation rmse = 0.509879 on epoch 28
Model 0 provided with no test set, no metric evaluation will be performed.
Ensemble test rmse = nan
Fold 5
Model 0 best validation rmse = 0.579716 on epoch 2
Model 0 provided with no test set, no metric evaluation will be performed.
Ensemble test rmse = nan
Fold 6
Model 0 best validation rmse = 0.338018 on epoch 20
Model 0 provided with no test set, no metric evaluation will be performed.
Ensemble test rmse = nan
Fold 7
Model 0 best validation rmse = 0.715284 on epoch 29
Model 0 provided with no test set, no metric evaluation will be performed.
Ensemble test rmse = nan
Fold 8
Model 0 best validation rmse = 0.325858 on epoch 27
Model 0 provided with no test set, no metric evaluation will be performed.
Ensemble test rmse = nan
Fold 9
Model 0 best validation rmse = 0.594502 on epoch 26
Model 0 provided with no test set, no metric evaluation will be performed.
Ensemble test rmse = nan
10-fold cross validation
	Seed 0 ==> test rmse = nan
	Seed 1 ==> test rmse = nan
	Seed 2 ==> test rmse = nan
	Seed 3 ==> test rmse = nan
	Seed 4 ==> test rmse = nan
	Seed 5 ==> test rmse = nan
	Seed 6 ==> test rmse = nan
	Seed 7 ==> test rmse = nan
	Seed 8 ==> test rmse = nan
	Seed 9 ==> test rmse = nan
Overall test rmse = nan +/- nan
Elapsed time = 9:39:09
